Analysis & Synthesis report for toplevel_entity
Fri Jun 04 13:51:06 2021
Quartus Prime Version 18.1.0 Build 625 09/12/2018 SJ Lite Edition


---------------------
; Table of Contents ;
---------------------
  1. Legal Notice
  2. Analysis & Synthesis Summary
  3. Analysis & Synthesis Settings
  4. Parallel Compilation
  5. Analysis & Synthesis Messages



----------------
; Legal Notice ;
----------------
Copyright (C) 2018  Intel Corporation. All rights reserved.
Your use of Intel Corporation's design tools, logic functions 
and other software and tools, and its AMPP partner logic 
functions, and any output files from any of the foregoing 
(including device programming or simulation files), and any 
associated documentation or information are expressly subject 
to the terms and conditions of the Intel Program License 
Subscription Agreement, the Intel Quartus Prime License Agreement,
the Intel FPGA IP License Agreement, or other applicable license
agreement, including, without limitation, that your use is for
the sole purpose of programming logic devices manufactured by
Intel and sold by Intel or its authorized distributors.  Please
refer to the applicable agreement for further details.



+----------------------------------------------------------------------------------+
; Analysis & Synthesis Summary                                                     ;
+------------------------------------+---------------------------------------------+
; Analysis & Synthesis Status        ; Failed - Fri Jun 04 13:51:06 2021           ;
; Quartus Prime Version              ; 18.1.0 Build 625 09/12/2018 SJ Lite Edition ;
; Revision Name                      ; toplevel_entity                             ;
; Top-level Entity Name              ; toplevel_entity                             ;
; Family                             ; Cyclone IV E                                ;
; Total logic elements               ; N/A until Partition Merge                   ;
;     Total combinational functions  ; N/A until Partition Merge                   ;
;     Dedicated logic registers      ; N/A until Partition Merge                   ;
; Total registers                    ; N/A until Partition Merge                   ;
; Total pins                         ; N/A until Partition Merge                   ;
; Total virtual pins                 ; N/A until Partition Merge                   ;
; Total memory bits                  ; N/A until Partition Merge                   ;
; Embedded Multiplier 9-bit elements ; N/A until Partition Merge                   ;
; Total PLLs                         ; N/A until Partition Merge                   ;
+------------------------------------+---------------------------------------------+


+------------------------------------------------------------------------------------------------------------+
; Analysis & Synthesis Settings                                                                              ;
+------------------------------------------------------------------+--------------------+--------------------+
; Option                                                           ; Setting            ; Default Value      ;
+------------------------------------------------------------------+--------------------+--------------------+
; Device                                                           ; EP4CE15F23C6       ;                    ;
; Top-level entity name                                            ; toplevel_entity    ; toplevel_entity    ;
; Family name                                                      ; Cyclone IV E       ; Cyclone V          ;
; Use smart compilation                                            ; Off                ; Off                ;
; Enable parallel Assembler and Timing Analyzer during compilation ; On                 ; On                 ;
; Enable compact report table                                      ; Off                ; Off                ;
; Restructure Multiplexers                                         ; Auto               ; Auto               ;
; Create Debugging Nodes for IP Cores                              ; Off                ; Off                ;
; Preserve fewer node names                                        ; On                 ; On                 ;
; Intel FPGA IP Evaluation Mode                                    ; Enable             ; Enable             ;
; Verilog Version                                                  ; Verilog_2001       ; Verilog_2001       ;
; VHDL Version                                                     ; VHDL_1993          ; VHDL_1993          ;
; State Machine Processing                                         ; Auto               ; Auto               ;
; Safe State Machine                                               ; Off                ; Off                ;
; Extract Verilog State Machines                                   ; On                 ; On                 ;
; Extract VHDL State Machines                                      ; On                 ; On                 ;
; Ignore Verilog initial constructs                                ; Off                ; Off                ;
; Iteration limit for constant Verilog loops                       ; 5000               ; 5000               ;
; Iteration limit for non-constant Verilog loops                   ; 250                ; 250                ;
; Add Pass-Through Logic to Inferred RAMs                          ; On                 ; On                 ;
; Infer RAMs from Raw Logic                                        ; On                 ; On                 ;
; Parallel Synthesis                                               ; On                 ; On                 ;
; DSP Block Balancing                                              ; Auto               ; Auto               ;
; NOT Gate Push-Back                                               ; On                 ; On                 ;
; Power-Up Don't Care                                              ; On                 ; On                 ;
; Remove Redundant Logic Cells                                     ; Off                ; Off                ;
; Remove Duplicate Registers                                       ; On                 ; On                 ;
; Ignore CARRY Buffers                                             ; Off                ; Off                ;
; Ignore CASCADE Buffers                                           ; Off                ; Off                ;
; Ignore GLOBAL Buffers                                            ; Off                ; Off                ;
; Ignore ROW GLOBAL Buffers                                        ; Off                ; Off                ;
; Ignore LCELL Buffers                                             ; Off                ; Off                ;
; Ignore SOFT Buffers                                              ; On                 ; On                 ;
; Limit AHDL Integers to 32 Bits                                   ; Off                ; Off                ;
; Optimization Technique                                           ; Balanced           ; Balanced           ;
; Carry Chain Length                                               ; 70                 ; 70                 ;
; Auto Carry Chains                                                ; On                 ; On                 ;
; Auto Open-Drain Pins                                             ; On                 ; On                 ;
; Perform WYSIWYG Primitive Resynthesis                            ; Off                ; Off                ;
; Auto ROM Replacement                                             ; On                 ; On                 ;
; Auto RAM Replacement                                             ; On                 ; On                 ;
; Auto DSP Block Replacement                                       ; On                 ; On                 ;
; Auto Shift Register Replacement                                  ; Auto               ; Auto               ;
; Allow Shift Register Merging across Hierarchies                  ; Auto               ; Auto               ;
; Auto Clock Enable Replacement                                    ; On                 ; On                 ;
; Strict RAM Replacement                                           ; Off                ; Off                ;
; Allow Synchronous Control Signals                                ; On                 ; On                 ;
; Force Use of Synchronous Clear Signals                           ; Off                ; Off                ;
; Auto RAM Block Balancing                                         ; On                 ; On                 ;
; Auto RAM to Logic Cell Conversion                                ; Off                ; Off                ;
; Auto Resource Sharing                                            ; Off                ; Off                ;
; Allow Any RAM Size For Recognition                               ; Off                ; Off                ;
; Allow Any ROM Size For Recognition                               ; Off                ; Off                ;
; Allow Any Shift Register Size For Recognition                    ; Off                ; Off                ;
; Use LogicLock Constraints during Resource Balancing              ; On                 ; On                 ;
; Ignore translate_off and synthesis_off directives                ; Off                ; Off                ;
; Timing-Driven Synthesis                                          ; On                 ; On                 ;
; Report Parameter Settings                                        ; On                 ; On                 ;
; Report Source Assignments                                        ; On                 ; On                 ;
; Report Connectivity Checks                                       ; On                 ; On                 ;
; Ignore Maximum Fan-Out Assignments                               ; Off                ; Off                ;
; Synchronization Register Chain Length                            ; 2                  ; 2                  ;
; Power Optimization During Synthesis                              ; Normal compilation ; Normal compilation ;
; HDL message level                                                ; Level2             ; Level2             ;
; Suppress Register Optimization Related Messages                  ; Off                ; Off                ;
; Number of Removed Registers Reported in Synthesis Report         ; 5000               ; 5000               ;
; Number of Swept Nodes Reported in Synthesis Report               ; 5000               ; 5000               ;
; Number of Inverted Registers Reported in Synthesis Report        ; 100                ; 100                ;
; Clock MUX Protection                                             ; On                 ; On                 ;
; Auto Gated Clock Conversion                                      ; Off                ; Off                ;
; Block Design Naming                                              ; Auto               ; Auto               ;
; SDC constraint protection                                        ; Off                ; Off                ;
; Synthesis Effort                                                 ; Auto               ; Auto               ;
; Shift Register Replacement - Allow Asynchronous Clear Signal     ; On                 ; On                 ;
; Pre-Mapping Resynthesis Optimization                             ; Off                ; Off                ;
; Analysis & Synthesis Message Level                               ; Medium             ; Medium             ;
; Disable Register Merging Across Hierarchies                      ; Auto               ; Auto               ;
; Resource Aware Inference For Block RAM                           ; On                 ; On                 ;
+------------------------------------------------------------------+--------------------+--------------------+


+------------------------------------------+
; Parallel Compilation                     ;
+----------------------------+-------------+
; Processors                 ; Number      ;
+----------------------------+-------------+
; Number detected on machine ; 8           ;
; Maximum allowed            ; 4           ;
;                            ;             ;
; Average used               ; 1.00        ;
; Maximum used               ; 1           ;
;                            ;             ;
; Usage by Processor         ; % Time Used ;
;     Processor 1            ; 100.0%      ;
+----------------------------+-------------+


+-------------------------------+
; Analysis & Synthesis Messages ;
+-------------------------------+
Info: *******************************************************************
Info: Running Quartus Prime Analysis & Synthesis
    Info: Version 18.1.0 Build 625 09/12/2018 SJ Lite Edition
    Info: Processing started: Fri Jun 04 13:50:56 2021
Info: Command: quartus_map --read_settings_files=on --write_settings_files=off EV2 -c toplevel_entity
Warning (18236): Number of processors has not been specified which may cause overloading on shared machines.  Set the global assignment NUM_PARALLEL_PROCESSORS in your QSF to an appropriate value for best performance.
Info (20030): Parallel compilation is enabled and will use 4 of the 4 processors detected
Info (12021): Found 1 design units, including 1 entities, in source file /users/aniru/downloads/template/ramesh/vhdl/toplevel_entity.vhdl
    Info (12023): Found entity 1: toplevel File: C:/Users/aniru/Downloads/template/ramesh/vhdl/toplevel_entity.vhdl Line: 15
Info (12021): Found 1 design units, including 0 entities, in source file /users/aniru/downloads/template/ramesh/vhdl/toplevel_behavior.vhdl
    Info (12022): Found design unit 1: toplevel-PlatformIndependent File: C:/Users/aniru/Downloads/template/ramesh/vhdl/toplevel_behavior.vhdl Line: 10
Info (12021): Found 1 design units, including 1 entities, in source file /users/aniru/downloads/template/ramesh/vhdl/sort_entity.vhdl
    Info (12023): Found entity 1: Sort File: C:/Users/aniru/Downloads/template/ramesh/vhdl/Sort_entity.vhdl Line: 5
Info (12021): Found 1 design units, including 0 entities, in source file /users/aniru/downloads/template/ramesh/vhdl/sort_behavior.vhdl
    Info (12022): Found design unit 1: Sort-behavior File: C:/Users/aniru/Downloads/template/ramesh/vhdl/Sort_behavior.vhdl Line: 1
Info (12021): Found 1 design units, including 1 entities, in source file /users/aniru/downloads/template/ramesh/vhdl/shifttoparallel_entity.vhdl
    Info (12023): Found entity 1: ShiftToParallel File: C:/Users/aniru/Downloads/template/ramesh/vhdl/ShiftToParallel_entity.vhdl Line: 5
Info (12021): Found 1 design units, including 0 entities, in source file /users/aniru/downloads/template/ramesh/vhdl/shifttoparallel_behavior.vhdl
    Info (12022): Found design unit 1: ShiftToParallel-behavior File: C:/Users/aniru/Downloads/template/ramesh/vhdl/ShiftToParallel_behavior.vhdl Line: 1
Info (12021): Found 1 design units, including 1 entities, in source file /users/aniru/downloads/template/ramesh/vhdl/requestrandom_entity.vhdl
    Info (12023): Found entity 1: requestRandom File: C:/Users/aniru/Downloads/template/ramesh/vhdl/requestRandom_entity.vhdl Line: 5
Info (12021): Found 1 design units, including 0 entities, in source file /users/aniru/downloads/template/ramesh/vhdl/requestrandom_behavior.vhdl
    Info (12022): Found design unit 1: requestRandom-behavior File: C:/Users/aniru/Downloads/template/ramesh/vhdl/requestRandom_behavior.vhdl Line: 1
Info (12021): Found 1 design units, including 1 entities, in source file /users/aniru/downloads/template/ramesh/vhdl/randomnumber_entity.vhdl
    Info (12023): Found entity 1: randomNumber File: C:/Users/aniru/Downloads/template/ramesh/vhdl/randomNumber_entity.vhdl Line: 5
Info (12021): Found 1 design units, including 0 entities, in source file /users/aniru/downloads/template/ramesh/vhdl/randomnumber_behavior.vhdl
    Info (12022): Found design unit 1: randomNumber-emulator File: C:/Users/aniru/Downloads/template/ramesh/vhdl/randomNumber_behavior.vhdl Line: 1
Info (12021): Found 1 design units, including 1 entities, in source file /users/aniru/downloads/template/ramesh/vhdl/genericcounter_entity.vhdl
    Info (12023): Found entity 1: genericcounter File: C:/Users/aniru/Downloads/template/ramesh/vhdl/genericcounter_entity.vhdl Line: 5
Info (12021): Found 1 design units, including 0 entities, in source file /users/aniru/downloads/template/ramesh/vhdl/genericcounter_behavior.vhdl
    Info (12022): Found design unit 1: GenericCounter-functional File: C:/Users/aniru/Downloads/template/ramesh/vhdl/genericcounter_behavior.vhdl Line: 1
Info (12021): Found 1 design units, including 1 entities, in source file /users/aniru/downloads/template/ramesh/vhdl/gamecontrol_entity.vhdl
    Info (12023): Found entity 1: gamecontrol File: C:/Users/aniru/Downloads/template/ramesh/vhdl/gamecontrol_entity.vhdl Line: 5
Info (12021): Found 1 design units, including 0 entities, in source file /users/aniru/downloads/template/ramesh/vhdl/gamecontrol_behavior.vhdl
    Info (12022): Found design unit 1: GameControl-theo File: C:/Users/aniru/Downloads/template/ramesh/vhdl/gamecontrol_behavior.vhdl Line: 1
Info (12021): Found 1 design units, including 1 entities, in source file /users/aniru/downloads/template/ramesh/vhdl/diceimplementation_entity.vhdl
    Info (12023): Found entity 1: DiceImplementation File: C:/Users/aniru/Downloads/template/ramesh/vhdl/DiceImplementation_entity.vhdl Line: 5
Info (12021): Found 1 design units, including 0 entities, in source file /users/aniru/downloads/template/ramesh/vhdl/diceimplementation_behavior.vhdl
    Info (12022): Found design unit 1: DiceImplementation-behavior File: C:/Users/aniru/Downloads/template/ramesh/vhdl/DiceImplementation_behavior.vhdl Line: 1
Info (12021): Found 1 design units, including 1 entities, in source file /users/aniru/downloads/template/ramesh/vhdl/dicecontrol_entity.vhdl
    Info (12023): Found entity 1: DiceControl File: C:/Users/aniru/Downloads/template/ramesh/vhdl/DiceControl_entity.vhdl Line: 5
Info (12021): Found 1 design units, including 0 entities, in source file /users/aniru/downloads/template/ramesh/vhdl/dicecontrol_behavior.vhdl
    Info (12022): Found design unit 1: DiceControl-behavior File: C:/Users/aniru/Downloads/template/ramesh/vhdl/DiceControl_behavior.vhdl Line: 1
Info (12021): Found 1 design units, including 1 entities, in source file /users/aniru/downloads/template/ramesh/vhdl/decoder_entity.vhdl
    Info (12023): Found entity 1: Decoder File: C:/Users/aniru/Downloads/template/ramesh/vhdl/Decoder_entity.vhdl Line: 5
Info (12021): Found 1 design units, including 0 entities, in source file /users/aniru/downloads/template/ramesh/vhdl/decoder_behavior.vhdl
    Info (12022): Found design unit 1: Decoder-behavior File: C:/Users/aniru/Downloads/template/ramesh/vhdl/Decoder_behavior.vhdl Line: 1
Info (12021): Found 1 design units, including 1 entities, in source file /users/aniru/downloads/template/ramesh/vhdl/buttonlogic_entity.vhdl
    Info (12023): Found entity 1: ButtonLogic File: C:/Users/aniru/Downloads/template/ramesh/vhdl/ButtonLogic_entity.vhdl Line: 5
Info (12021): Found 1 design units, including 0 entities, in source file /users/aniru/downloads/template/ramesh/vhdl/buttonlogic_behavior.vhdl
    Info (12022): Found design unit 1: ButtonLogic-behavior File: C:/Users/aniru/Downloads/template/ramesh/vhdl/ButtonLogic_behavior.vhdl Line: 1
Error (12007): Top-level design entity "toplevel_entity" is undefined
Error: Quartus Prime Analysis & Synthesis was unsuccessful. 1 error, 1 warning
    Error: Peak virtual memory: 4778 megabytes
    Error: Processing ended: Fri Jun 04 13:51:06 2021
    Error: Elapsed time: 00:00:10
    Error: Total CPU time (on all processors): 00:00:23


