Analysis & Synthesis report for toplevel
Fri Jun 04 17:39:45 2021
Quartus Prime Version 18.1.0 Build 625 09/12/2018 SJ Lite Edition


---------------------
; Table of Contents ;
---------------------
  1. Legal Notice
  2. Analysis & Synthesis Summary
  3. Analysis & Synthesis Settings
  4. Parallel Compilation
  5. Analysis & Synthesis Source Files Read
  6. Analysis & Synthesis Resource Usage Summary
  7. Analysis & Synthesis Resource Utilization by Entity
  8. State Machine - |toplevel|DiceImplementation:DiceImplementation_4|DiceControl:DiceControl_1|s_cur_state
  9. State Machine - |toplevel|DiceImplementation:DiceImplementation_4|requestRandom:requestRandom_1|s_cur_state
 10. State Machine - |toplevel|DiceImplementation:DiceImplementation_3|DiceControl:DiceControl_1|s_cur_state
 11. State Machine - |toplevel|DiceImplementation:DiceImplementation_3|requestRandom:requestRandom_1|s_cur_state
 12. State Machine - |toplevel|DiceImplementation:DiceImplementation_2|DiceControl:DiceControl_1|s_cur_state
 13. State Machine - |toplevel|DiceImplementation:DiceImplementation_2|requestRandom:requestRandom_1|s_cur_state
 14. State Machine - |toplevel|DiceImplementation:DiceImplementation_1|DiceControl:DiceControl_1|s_cur_state
 15. State Machine - |toplevel|DiceImplementation:DiceImplementation_1|requestRandom:requestRandom_1|s_cur_state
 16. Registers Removed During Synthesis
 17. General Register Statistics
 18. Inverted Register Statistics
 19. Multiplexer Restructuring Statistics (Restructuring Performed)
 20. Parameter Settings for User Entity Instance: genericcounter:VHDL_10
 21. Parameter Settings for User Entity Instance: DiceImplementation:DiceImplementation_1
 22. Parameter Settings for User Entity Instance: DiceImplementation:DiceImplementation_1|randomNumber:randomNumber_1
 23. Parameter Settings for User Entity Instance: DiceImplementation:DiceImplementation_2
 24. Parameter Settings for User Entity Instance: DiceImplementation:DiceImplementation_2|randomNumber:randomNumber_1
 25. Parameter Settings for User Entity Instance: DiceImplementation:DiceImplementation_3
 26. Parameter Settings for User Entity Instance: DiceImplementation:DiceImplementation_3|randomNumber:randomNumber_1
 27. Parameter Settings for User Entity Instance: DiceImplementation:DiceImplementation_4
 28. Parameter Settings for User Entity Instance: DiceImplementation:DiceImplementation_4|randomNumber:randomNumber_1
 29. Post-Synthesis Netlist Statistics for Top Partition
 30. Elapsed Time Per Partition
 31. Analysis & Synthesis Messages



----------------
; Legal Notice ;
----------------
Copyright (C) 2018  Intel Corporation. All rights reserved.
Your use of Intel Corporation's design tools, logic functions 
and other software and tools, and its AMPP partner logic 
functions, and any output files from any of the foregoing 
(including device programming or simulation files), and any 
associated documentation or information are expressly subject 
to the terms and conditions of the Intel Program License 
Subscription Agreement, the Intel Quartus Prime License Agreement,
the Intel FPGA IP License Agreement, or other applicable license
agreement, including, without limitation, that your use is for
the sole purpose of programming logic devices manufactured by
Intel and sold by Intel or its authorized distributors.  Please
refer to the applicable agreement for further details.



+----------------------------------------------------------------------------------+
; Analysis & Synthesis Summary                                                     ;
+------------------------------------+---------------------------------------------+
; Analysis & Synthesis Status        ; Successful - Fri Jun 04 17:39:45 2021       ;
; Quartus Prime Version              ; 18.1.0 Build 625 09/12/2018 SJ Lite Edition ;
; Revision Name                      ; toplevel                                    ;
; Top-level Entity Name              ; toplevel                                    ;
; Family                             ; Cyclone IV E                                ;
; Total logic elements               ; 383                                         ;
;     Total combinational functions  ; 283                                         ;
;     Dedicated logic registers      ; 250                                         ;
; Total registers                    ; 250                                         ;
; Total pins                         ; 45                                          ;
; Total virtual pins                 ; 0                                           ;
; Total memory bits                  ; 0                                           ;
; Embedded Multiplier 9-bit elements ; 0                                           ;
; Total PLLs                         ; 0                                           ;
+------------------------------------+---------------------------------------------+


+------------------------------------------------------------------------------------------------------------+
; Analysis & Synthesis Settings                                                                              ;
+------------------------------------------------------------------+--------------------+--------------------+
; Option                                                           ; Setting            ; Default Value      ;
+------------------------------------------------------------------+--------------------+--------------------+
; Device                                                           ; EP4CE15F23C6       ;                    ;
; Top-level entity name                                            ; toplevel           ; toplevel           ;
; Family name                                                      ; Cyclone IV E       ; Cyclone V          ;
; Use smart compilation                                            ; Off                ; Off                ;
; Enable parallel Assembler and Timing Analyzer during compilation ; On                 ; On                 ;
; Enable compact report table                                      ; Off                ; Off                ;
; Restructure Multiplexers                                         ; Auto               ; Auto               ;
; Create Debugging Nodes for IP Cores                              ; Off                ; Off                ;
; Preserve fewer node names                                        ; On                 ; On                 ;
; Intel FPGA IP Evaluation Mode                                    ; Enable             ; Enable             ;
; Verilog Version                                                  ; Verilog_2001       ; Verilog_2001       ;
; VHDL Version                                                     ; VHDL_1993          ; VHDL_1993          ;
; State Machine Processing                                         ; Auto               ; Auto               ;
; Safe State Machine                                               ; Off                ; Off                ;
; Extract Verilog State Machines                                   ; On                 ; On                 ;
; Extract VHDL State Machines                                      ; On                 ; On                 ;
; Ignore Verilog initial constructs                                ; Off                ; Off                ;
; Iteration limit for constant Verilog loops                       ; 5000               ; 5000               ;
; Iteration limit for non-constant Verilog loops                   ; 250                ; 250                ;
; Add Pass-Through Logic to Inferred RAMs                          ; On                 ; On                 ;
; Infer RAMs from Raw Logic                                        ; On                 ; On                 ;
; Parallel Synthesis                                               ; On                 ; On                 ;
; DSP Block Balancing                                              ; Auto               ; Auto               ;
; NOT Gate Push-Back                                               ; On                 ; On                 ;
; Power-Up Don't Care                                              ; On                 ; On                 ;
; Remove Redundant Logic Cells                                     ; Off                ; Off                ;
; Remove Duplicate Registers                                       ; On                 ; On                 ;
; Ignore CARRY Buffers                                             ; Off                ; Off                ;
; Ignore CASCADE Buffers                                           ; Off                ; Off                ;
; Ignore GLOBAL Buffers                                            ; Off                ; Off                ;
; Ignore ROW GLOBAL Buffers                                        ; Off                ; Off                ;
; Ignore LCELL Buffers                                             ; Off                ; Off                ;
; Ignore SOFT Buffers                                              ; On                 ; On                 ;
; Limit AHDL Integers to 32 Bits                                   ; Off                ; Off                ;
; Optimization Technique                                           ; Balanced           ; Balanced           ;
; Carry Chain Length                                               ; 70                 ; 70                 ;
; Auto Carry Chains                                                ; On                 ; On                 ;
; Auto Open-Drain Pins                                             ; On                 ; On                 ;
; Perform WYSIWYG Primitive Resynthesis                            ; Off                ; Off                ;
; Auto ROM Replacement                                             ; On                 ; On                 ;
; Auto RAM Replacement                                             ; On                 ; On                 ;
; Auto DSP Block Replacement                                       ; On                 ; On                 ;
; Auto Shift Register Replacement                                  ; Auto               ; Auto               ;
; Allow Shift Register Merging across Hierarchies                  ; Auto               ; Auto               ;
; Auto Clock Enable Replacement                                    ; On                 ; On                 ;
; Strict RAM Replacement                                           ; Off                ; Off                ;
; Allow Synchronous Control Signals                                ; On                 ; On                 ;
; Force Use of Synchronous Clear Signals                           ; Off                ; Off                ;
; Auto RAM Block Balancing                                         ; On                 ; On                 ;
; Auto RAM to Logic Cell Conversion                                ; Off                ; Off                ;
; Auto Resource Sharing                                            ; Off                ; Off                ;
; Allow Any RAM Size For Recognition                               ; Off                ; Off                ;
; Allow Any ROM Size For Recognition                               ; Off                ; Off                ;
; Allow Any Shift Register Size For Recognition                    ; Off                ; Off                ;
; Use LogicLock Constraints during Resource Balancing              ; On                 ; On                 ;
; Ignore translate_off and synthesis_off directives                ; Off                ; Off                ;
; Timing-Driven Synthesis                                          ; On                 ; On                 ;
; Report Parameter Settings                                        ; On                 ; On                 ;
; Report Source Assignments                                        ; On                 ; On                 ;
; Report Connectivity Checks                                       ; On                 ; On                 ;
; Ignore Maximum Fan-Out Assignments                               ; Off                ; Off                ;
; Synchronization Register Chain Length                            ; 2                  ; 2                  ;
; Power Optimization During Synthesis                              ; Normal compilation ; Normal compilation ;
; HDL message level                                                ; Level2             ; Level2             ;
; Suppress Register Optimization Related Messages                  ; Off                ; Off                ;
; Number of Removed Registers Reported in Synthesis Report         ; 5000               ; 5000               ;
; Number of Swept Nodes Reported in Synthesis Report               ; 5000               ; 5000               ;
; Number of Inverted Registers Reported in Synthesis Report        ; 100                ; 100                ;
; Clock MUX Protection                                             ; On                 ; On                 ;
; Auto Gated Clock Conversion                                      ; Off                ; Off                ;
; Block Design Naming                                              ; Auto               ; Auto               ;
; SDC constraint protection                                        ; Off                ; Off                ;
; Synthesis Effort                                                 ; Auto               ; Auto               ;
; Shift Register Replacement - Allow Asynchronous Clear Signal     ; On                 ; On                 ;
; Pre-Mapping Resynthesis Optimization                             ; Off                ; Off                ;
; Analysis & Synthesis Message Level                               ; Medium             ; Medium             ;
; Disable Register Merging Across Hierarchies                      ; Auto               ; Auto               ;
; Resource Aware Inference For Block RAM                           ; On                 ; On                 ;
+------------------------------------------------------------------+--------------------+--------------------+


+------------------------------------------+
; Parallel Compilation                     ;
+----------------------------+-------------+
; Processors                 ; Number      ;
+----------------------------+-------------+
; Number detected on machine ; 8           ;
; Maximum allowed            ; 4           ;
;                            ;             ;
; Average used               ; 1.00        ;
; Maximum used               ; 4           ;
;                            ;             ;
; Usage by Processor         ; % Time Used ;
;     Processor 1            ; 100.0%      ;
;     Processor 2            ;   0.0%      ;
;     Processors 3-4         ;   0.0%      ;
+----------------------------+-------------+


+-------------------------------------------------------------------------------------------------------------------------------------------------------------------------+
; Analysis & Synthesis Source Files Read                                                                                                                                  ;
+------------------------------------------+-----------------+-----------------+--------------------------------------------------------------------------------+---------+
; File Name with User-Entered Path         ; Used in Netlist ; File Type       ; File Name with Absolute Path                                                   ; Library ;
+------------------------------------------+-----------------+-----------------+--------------------------------------------------------------------------------+---------+
; ../vhdl/toplevel_entity.vhdl             ; yes             ; User VHDL File  ; C:/Users/aniru/Downloads/template/ramesh/vhdl/toplevel_entity.vhdl             ;         ;
; ../vhdl/toplevel_behavior.vhdl           ; yes             ; User VHDL File  ; C:/Users/aniru/Downloads/template/ramesh/vhdl/toplevel_behavior.vhdl           ;         ;
; ../vhdl/Sort_entity.vhdl                 ; yes             ; User VHDL File  ; C:/Users/aniru/Downloads/template/ramesh/vhdl/Sort_entity.vhdl                 ;         ;
; ../vhdl/Sort_behavior.vhdl               ; yes             ; User VHDL File  ; C:/Users/aniru/Downloads/template/ramesh/vhdl/Sort_behavior.vhdl               ;         ;
; ../vhdl/ShiftToParallel_entity.vhdl      ; yes             ; User VHDL File  ; C:/Users/aniru/Downloads/template/ramesh/vhdl/ShiftToParallel_entity.vhdl      ;         ;
; ../vhdl/ShiftToParallel_behavior.vhdl    ; yes             ; User VHDL File  ; C:/Users/aniru/Downloads/template/ramesh/vhdl/ShiftToParallel_behavior.vhdl    ;         ;
; ../vhdl/requestRandom_entity.vhdl        ; yes             ; User VHDL File  ; C:/Users/aniru/Downloads/template/ramesh/vhdl/requestRandom_entity.vhdl        ;         ;
; ../vhdl/requestRandom_behavior.vhdl      ; yes             ; User VHDL File  ; C:/Users/aniru/Downloads/template/ramesh/vhdl/requestRandom_behavior.vhdl      ;         ;
; ../vhdl/randomNumber_entity.vhdl         ; yes             ; User VHDL File  ; C:/Users/aniru/Downloads/template/ramesh/vhdl/randomNumber_entity.vhdl         ;         ;
; ../vhdl/randomNumber_behavior.vhdl       ; yes             ; User VHDL File  ; C:/Users/aniru/Downloads/template/ramesh/vhdl/randomNumber_behavior.vhdl       ;         ;
; ../vhdl/genericcounter_entity.vhdl       ; yes             ; User VHDL File  ; C:/Users/aniru/Downloads/template/ramesh/vhdl/genericcounter_entity.vhdl       ;         ;
; ../vhdl/genericcounter_behavior.vhdl     ; yes             ; User VHDL File  ; C:/Users/aniru/Downloads/template/ramesh/vhdl/genericcounter_behavior.vhdl     ;         ;
; ../vhdl/gamecontrol_entity.vhdl          ; yes             ; User VHDL File  ; C:/Users/aniru/Downloads/template/ramesh/vhdl/gamecontrol_entity.vhdl          ;         ;
; ../vhdl/gamecontrol_behavior.vhdl        ; yes             ; User VHDL File  ; C:/Users/aniru/Downloads/template/ramesh/vhdl/gamecontrol_behavior.vhdl        ;         ;
; ../vhdl/DiceImplementation_entity.vhdl   ; yes             ; User VHDL File  ; C:/Users/aniru/Downloads/template/ramesh/vhdl/DiceImplementation_entity.vhdl   ;         ;
; ../vhdl/DiceImplementation_behavior.vhdl ; yes             ; User VHDL File  ; C:/Users/aniru/Downloads/template/ramesh/vhdl/DiceImplementation_behavior.vhdl ;         ;
; ../vhdl/DiceControl_entity.vhdl          ; yes             ; User VHDL File  ; C:/Users/aniru/Downloads/template/ramesh/vhdl/DiceControl_entity.vhdl          ;         ;
; ../vhdl/DiceControl_behavior.vhdl        ; yes             ; User VHDL File  ; C:/Users/aniru/Downloads/template/ramesh/vhdl/DiceControl_behavior.vhdl        ;         ;
; ../vhdl/Decoder_entity.vhdl              ; yes             ; User VHDL File  ; C:/Users/aniru/Downloads/template/ramesh/vhdl/Decoder_entity.vhdl              ;         ;
; ../vhdl/Decoder_behavior.vhdl            ; yes             ; User VHDL File  ; C:/Users/aniru/Downloads/template/ramesh/vhdl/Decoder_behavior.vhdl            ;         ;
; ../vhdl/ButtonLogic_entity.vhdl          ; yes             ; User VHDL File  ; C:/Users/aniru/Downloads/template/ramesh/vhdl/ButtonLogic_entity.vhdl          ;         ;
; ../vhdl/ButtonLogic_behavior.vhdl        ; yes             ; User VHDL File  ; C:/Users/aniru/Downloads/template/ramesh/vhdl/ButtonLogic_behavior.vhdl        ;         ;
+------------------------------------------+-----------------+-----------------+--------------------------------------------------------------------------------+---------+


+---------------------------------------------------------------+
; Analysis & Synthesis Resource Usage Summary                   ;
+---------------------------------------------+-----------------+
; Resource                                    ; Usage           ;
+---------------------------------------------+-----------------+
; Estimated Total logic elements              ; 383             ;
;                                             ;                 ;
; Total combinational functions               ; 283             ;
; Logic element usage by number of LUT inputs ;                 ;
;     -- 4 input functions                    ; 112             ;
;     -- 3 input functions                    ; 75              ;
;     -- <=2 input functions                  ; 96              ;
;                                             ;                 ;
; Logic elements by mode                      ;                 ;
;     -- normal mode                          ; 267             ;
;     -- arithmetic mode                      ; 16              ;
;                                             ;                 ;
; Total registers                             ; 250             ;
;     -- Dedicated logic registers            ; 250             ;
;     -- I/O registers                        ; 0               ;
;                                             ;                 ;
; I/O pins                                    ; 45              ;
;                                             ;                 ;
; Embedded Multiplier 9-bit elements          ; 0               ;
;                                             ;                 ;
; Maximum fan-out node                        ; n_Reset_0~input ;
; Maximum fan-out                             ; 206             ;
; Total fan-out                               ; 1673            ;
; Average fan-out                             ; 2.69            ;
+---------------------------------------------+-----------------+


+---------------------------------------------------------------------------------------------------------------------------------------------------------------------------------------------------------------------------------------------------------------------------------------------------+
; Analysis & Synthesis Resource Utilization by Entity                                                                                                                                                                                                                                               ;
+----------------------------------------------+---------------------+---------------------------+-------------+--------------+---------+-----------+------+--------------+-------------------------------------------------------------------------------------+--------------------+--------------+
; Compilation Hierarchy Node                   ; Combinational ALUTs ; Dedicated Logic Registers ; Memory Bits ; DSP Elements ; DSP 9x9 ; DSP 18x18 ; Pins ; Virtual Pins ; Full Hierarchy Name                                                                 ; Entity Name        ; Library Name ;
+----------------------------------------------+---------------------+---------------------------+-------------+--------------+---------+-----------+------+--------------+-------------------------------------------------------------------------------------+--------------------+--------------+
; |toplevel                                    ; 283 (1)             ; 250 (0)                   ; 0           ; 0            ; 0       ; 0         ; 45   ; 0            ; |toplevel                                                                           ; toplevel           ; work         ;
;    |ButtonLogic:VHDL_12|                     ; 5 (5)               ; 5 (5)                     ; 0           ; 0            ; 0       ; 0         ; 0    ; 0            ; |toplevel|ButtonLogic:VHDL_12                                                       ; ButtonLogic        ; work         ;
;    |ButtonLogic:VHDL_1|                      ; 5 (5)               ; 5 (5)                     ; 0           ; 0            ; 0       ; 0         ; 0    ; 0            ; |toplevel|ButtonLogic:VHDL_1                                                        ; ButtonLogic        ; work         ;
;    |ButtonLogic:VHDL_2|                      ; 4 (4)               ; 5 (5)                     ; 0           ; 0            ; 0       ; 0         ; 0    ; 0            ; |toplevel|ButtonLogic:VHDL_2                                                        ; ButtonLogic        ; work         ;
;    |ButtonLogic:VHDL_3|                      ; 4 (4)               ; 5 (5)                     ; 0           ; 0            ; 0       ; 0         ; 0    ; 0            ; |toplevel|ButtonLogic:VHDL_3                                                        ; ButtonLogic        ; work         ;
;    |ButtonLogic:VHDL_4|                      ; 4 (4)               ; 5 (5)                     ; 0           ; 0            ; 0       ; 0         ; 0    ; 0            ; |toplevel|ButtonLogic:VHDL_4                                                        ; ButtonLogic        ; work         ;
;    |Decoder:VHDL_6|                          ; 6 (6)               ; 0 (0)                     ; 0           ; 0            ; 0       ; 0         ; 0    ; 0            ; |toplevel|Decoder:VHDL_6                                                            ; Decoder            ; work         ;
;    |Decoder:VHDL_7|                          ; 6 (6)               ; 0 (0)                     ; 0           ; 0            ; 0       ; 0         ; 0    ; 0            ; |toplevel|Decoder:VHDL_7                                                            ; Decoder            ; work         ;
;    |Decoder:VHDL_8|                          ; 6 (6)               ; 0 (0)                     ; 0           ; 0            ; 0       ; 0         ; 0    ; 0            ; |toplevel|Decoder:VHDL_8                                                            ; Decoder            ; work         ;
;    |Decoder:VHDL_9|                          ; 6 (6)               ; 0 (0)                     ; 0           ; 0            ; 0       ; 0         ; 0    ; 0            ; |toplevel|Decoder:VHDL_9                                                            ; Decoder            ; work         ;
;    |DiceImplementation:DiceImplementation_1| ; 33 (0)              ; 50 (0)                    ; 0           ; 0            ; 0       ; 0         ; 0    ; 0            ; |toplevel|DiceImplementation:DiceImplementation_1                                   ; DiceImplementation ; work         ;
;       |DiceControl:DiceControl_1|            ; 10 (10)             ; 11 (11)                   ; 0           ; 0            ; 0       ; 0         ; 0    ; 0            ; |toplevel|DiceImplementation:DiceImplementation_1|DiceControl:DiceControl_1         ; DiceControl        ; work         ;
;       |ShiftToParallel:ShiftToParallel_1|    ; 7 (7)               ; 4 (4)                     ; 0           ; 0            ; 0       ; 0         ; 0    ; 0            ; |toplevel|DiceImplementation:DiceImplementation_1|ShiftToParallel:ShiftToParallel_1 ; ShiftToParallel    ; work         ;
;       |randomNumber:randomNumber_1|          ; 9 (9)               ; 19 (19)                   ; 0           ; 0            ; 0       ; 0         ; 0    ; 0            ; |toplevel|DiceImplementation:DiceImplementation_1|randomNumber:randomNumber_1       ; randomNumber       ; work         ;
;       |requestRandom:requestRandom_1|        ; 7 (7)               ; 16 (16)                   ; 0           ; 0            ; 0       ; 0         ; 0    ; 0            ; |toplevel|DiceImplementation:DiceImplementation_1|requestRandom:requestRandom_1     ; requestRandom      ; work         ;
;    |DiceImplementation:DiceImplementation_2| ; 32 (0)              ; 50 (0)                    ; 0           ; 0            ; 0       ; 0         ; 0    ; 0            ; |toplevel|DiceImplementation:DiceImplementation_2                                   ; DiceImplementation ; work         ;
;       |DiceControl:DiceControl_1|            ; 10 (10)             ; 11 (11)                   ; 0           ; 0            ; 0       ; 0         ; 0    ; 0            ; |toplevel|DiceImplementation:DiceImplementation_2|DiceControl:DiceControl_1         ; DiceControl        ; work         ;
;       |ShiftToParallel:ShiftToParallel_1|    ; 7 (7)               ; 4 (4)                     ; 0           ; 0            ; 0       ; 0         ; 0    ; 0            ; |toplevel|DiceImplementation:DiceImplementation_2|ShiftToParallel:ShiftToParallel_1 ; ShiftToParallel    ; work         ;
;       |randomNumber:randomNumber_1|          ; 8 (8)               ; 19 (19)                   ; 0           ; 0            ; 0       ; 0         ; 0    ; 0            ; |toplevel|DiceImplementation:DiceImplementation_2|randomNumber:randomNumber_1       ; randomNumber       ; work         ;
;       |requestRandom:requestRandom_1|        ; 7 (7)               ; 16 (16)                   ; 0           ; 0            ; 0       ; 0         ; 0    ; 0            ; |toplevel|DiceImplementation:DiceImplementation_2|requestRandom:requestRandom_1     ; requestRandom      ; work         ;
;    |DiceImplementation:DiceImplementation_3| ; 35 (0)              ; 50 (0)                    ; 0           ; 0            ; 0       ; 0         ; 0    ; 0            ; |toplevel|DiceImplementation:DiceImplementation_3                                   ; DiceImplementation ; work         ;
;       |DiceControl:DiceControl_1|            ; 10 (10)             ; 11 (11)                   ; 0           ; 0            ; 0       ; 0         ; 0    ; 0            ; |toplevel|DiceImplementation:DiceImplementation_3|DiceControl:DiceControl_1         ; DiceControl        ; work         ;
;       |ShiftToParallel:ShiftToParallel_1|    ; 7 (7)               ; 4 (4)                     ; 0           ; 0            ; 0       ; 0         ; 0    ; 0            ; |toplevel|DiceImplementation:DiceImplementation_3|ShiftToParallel:ShiftToParallel_1 ; ShiftToParallel    ; work         ;
;       |randomNumber:randomNumber_1|          ; 11 (11)             ; 19 (19)                   ; 0           ; 0            ; 0       ; 0         ; 0    ; 0            ; |toplevel|DiceImplementation:DiceImplementation_3|randomNumber:randomNumber_1       ; randomNumber       ; work         ;
;       |requestRandom:requestRandom_1|        ; 7 (7)               ; 16 (16)                   ; 0           ; 0            ; 0       ; 0         ; 0    ; 0            ; |toplevel|DiceImplementation:DiceImplementation_3|requestRandom:requestRandom_1     ; requestRandom      ; work         ;
;    |DiceImplementation:DiceImplementation_4| ; 37 (0)              ; 50 (0)                    ; 0           ; 0            ; 0       ; 0         ; 0    ; 0            ; |toplevel|DiceImplementation:DiceImplementation_4                                   ; DiceImplementation ; work         ;
;       |DiceControl:DiceControl_1|            ; 10 (10)             ; 11 (11)                   ; 0           ; 0            ; 0       ; 0         ; 0    ; 0            ; |toplevel|DiceImplementation:DiceImplementation_4|DiceControl:DiceControl_1         ; DiceControl        ; work         ;
;       |ShiftToParallel:ShiftToParallel_1|    ; 7 (7)               ; 4 (4)                     ; 0           ; 0            ; 0       ; 0         ; 0    ; 0            ; |toplevel|DiceImplementation:DiceImplementation_4|ShiftToParallel:ShiftToParallel_1 ; ShiftToParallel    ; work         ;
;       |randomNumber:randomNumber_1|          ; 13 (13)             ; 19 (19)                   ; 0           ; 0            ; 0       ; 0         ; 0    ; 0            ; |toplevel|DiceImplementation:DiceImplementation_4|randomNumber:randomNumber_1       ; randomNumber       ; work         ;
;       |requestRandom:requestRandom_1|        ; 7 (7)               ; 16 (16)                   ; 0           ; 0            ; 0       ; 0         ; 0    ; 0            ; |toplevel|DiceImplementation:DiceImplementation_4|requestRandom:requestRandom_1     ; requestRandom      ; work         ;
;    |Sort:VHDL_5|                             ; 54 (54)             ; 0 (0)                     ; 0           ; 0            ; 0       ; 0         ; 0    ; 0            ; |toplevel|Sort:VHDL_5                                                               ; Sort               ; work         ;
;    |gamecontrol:VHDL_11|                     ; 22 (22)             ; 8 (8)                     ; 0           ; 0            ; 0       ; 0         ; 0    ; 0            ; |toplevel|gamecontrol:VHDL_11                                                       ; gamecontrol        ; work         ;
;    |genericcounter:VHDL_10|                  ; 23 (23)             ; 17 (17)                   ; 0           ; 0            ; 0       ; 0         ; 0    ; 0            ; |toplevel|genericcounter:VHDL_10                                                    ; genericcounter     ; work         ;
+----------------------------------------------+---------------------+---------------------------+-------------+--------------+---------+-----------+------+--------------+-------------------------------------------------------------------------------------+--------------------+--------------+
Note: For table entries with two numbers listed, the numbers in parentheses indicate the number of resources of the given type used by the specific entity alone. The numbers listed outside of parentheses indicate the total resources of the given type used by the specific entity and all of its sub-entities in the hierarchy.


Encoding Type:  One-Hot
+---------------------------------------------------------------------------------------------------------+
; State Machine - |toplevel|DiceImplementation:DiceImplementation_4|DiceControl:DiceControl_1|s_cur_state ;
+----------------------+----------------------+----------------------+------------------------------------+
; Name                 ; s_cur_state.waitRand ; s_cur_state.waitTick ; s_cur_state.waitIdle               ;
+----------------------+----------------------+----------------------+------------------------------------+
; s_cur_state.waitIdle ; 0                    ; 0                    ; 0                                  ;
; s_cur_state.waitTick ; 0                    ; 1                    ; 1                                  ;
; s_cur_state.waitRand ; 1                    ; 0                    ; 1                                  ;
+----------------------+----------------------+----------------------+------------------------------------+


Encoding Type:  One-Hot
+----------------------------------------------------------------------------------------------------------------------------------------------------------------------------------------------+
; State Machine - |toplevel|DiceImplementation:DiceImplementation_4|requestRandom:requestRandom_1|s_cur_state                                                                                  ;
+------------------+----------------+----------------+----------------+----------------+----------------+----------------+----------------+----------------+----------------+------------------+
; Name             ; s_cur_state.S9 ; s_cur_state.S8 ; s_cur_state.S7 ; s_cur_state.S6 ; s_cur_state.S5 ; s_cur_state.S4 ; s_cur_state.S3 ; s_cur_state.S2 ; s_cur_state.S1 ; s_cur_state.idle ;
+------------------+----------------+----------------+----------------+----------------+----------------+----------------+----------------+----------------+----------------+------------------+
; s_cur_state.idle ; 0              ; 0              ; 0              ; 0              ; 0              ; 0              ; 0              ; 0              ; 0              ; 0                ;
; s_cur_state.S1   ; 0              ; 0              ; 0              ; 0              ; 0              ; 0              ; 0              ; 0              ; 1              ; 1                ;
; s_cur_state.S2   ; 0              ; 0              ; 0              ; 0              ; 0              ; 0              ; 0              ; 1              ; 0              ; 1                ;
; s_cur_state.S3   ; 0              ; 0              ; 0              ; 0              ; 0              ; 0              ; 1              ; 0              ; 0              ; 1                ;
; s_cur_state.S4   ; 0              ; 0              ; 0              ; 0              ; 0              ; 1              ; 0              ; 0              ; 0              ; 1                ;
; s_cur_state.S5   ; 0              ; 0              ; 0              ; 0              ; 1              ; 0              ; 0              ; 0              ; 0              ; 1                ;
; s_cur_state.S6   ; 0              ; 0              ; 0              ; 1              ; 0              ; 0              ; 0              ; 0              ; 0              ; 1                ;
; s_cur_state.S7   ; 0              ; 0              ; 1              ; 0              ; 0              ; 0              ; 0              ; 0              ; 0              ; 1                ;
; s_cur_state.S8   ; 0              ; 1              ; 0              ; 0              ; 0              ; 0              ; 0              ; 0              ; 0              ; 1                ;
; s_cur_state.S9   ; 1              ; 0              ; 0              ; 0              ; 0              ; 0              ; 0              ; 0              ; 0              ; 1                ;
+------------------+----------------+----------------+----------------+----------------+----------------+----------------+----------------+----------------+----------------+------------------+


Encoding Type:  One-Hot
+---------------------------------------------------------------------------------------------------------+
; State Machine - |toplevel|DiceImplementation:DiceImplementation_3|DiceControl:DiceControl_1|s_cur_state ;
+----------------------+----------------------+----------------------+------------------------------------+
; Name                 ; s_cur_state.waitRand ; s_cur_state.waitTick ; s_cur_state.waitIdle               ;
+----------------------+----------------------+----------------------+------------------------------------+
; s_cur_state.waitIdle ; 0                    ; 0                    ; 0                                  ;
; s_cur_state.waitTick ; 0                    ; 1                    ; 1                                  ;
; s_cur_state.waitRand ; 1                    ; 0                    ; 1                                  ;
+----------------------+----------------------+----------------------+------------------------------------+


Encoding Type:  One-Hot
+----------------------------------------------------------------------------------------------------------------------------------------------------------------------------------------------+
; State Machine - |toplevel|DiceImplementation:DiceImplementation_3|requestRandom:requestRandom_1|s_cur_state                                                                                  ;
+------------------+----------------+----------------+----------------+----------------+----------------+----------------+----------------+----------------+----------------+------------------+
; Name             ; s_cur_state.S9 ; s_cur_state.S8 ; s_cur_state.S7 ; s_cur_state.S6 ; s_cur_state.S5 ; s_cur_state.S4 ; s_cur_state.S3 ; s_cur_state.S2 ; s_cur_state.S1 ; s_cur_state.idle ;
+------------------+----------------+----------------+----------------+----------------+----------------+----------------+----------------+----------------+----------------+------------------+
; s_cur_state.idle ; 0              ; 0              ; 0              ; 0              ; 0              ; 0              ; 0              ; 0              ; 0              ; 0                ;
; s_cur_state.S1   ; 0              ; 0              ; 0              ; 0              ; 0              ; 0              ; 0              ; 0              ; 1              ; 1                ;
; s_cur_state.S2   ; 0              ; 0              ; 0              ; 0              ; 0              ; 0              ; 0              ; 1              ; 0              ; 1                ;
; s_cur_state.S3   ; 0              ; 0              ; 0              ; 0              ; 0              ; 0              ; 1              ; 0              ; 0              ; 1                ;
; s_cur_state.S4   ; 0              ; 0              ; 0              ; 0              ; 0              ; 1              ; 0              ; 0              ; 0              ; 1                ;
; s_cur_state.S5   ; 0              ; 0              ; 0              ; 0              ; 1              ; 0              ; 0              ; 0              ; 0              ; 1                ;
; s_cur_state.S6   ; 0              ; 0              ; 0              ; 1              ; 0              ; 0              ; 0              ; 0              ; 0              ; 1                ;
; s_cur_state.S7   ; 0              ; 0              ; 1              ; 0              ; 0              ; 0              ; 0              ; 0              ; 0              ; 1                ;
; s_cur_state.S8   ; 0              ; 1              ; 0              ; 0              ; 0              ; 0              ; 0              ; 0              ; 0              ; 1                ;
; s_cur_state.S9   ; 1              ; 0              ; 0              ; 0              ; 0              ; 0              ; 0              ; 0              ; 0              ; 1                ;
+------------------+----------------+----------------+----------------+----------------+----------------+----------------+----------------+----------------+----------------+------------------+


Encoding Type:  One-Hot
+---------------------------------------------------------------------------------------------------------+
; State Machine - |toplevel|DiceImplementation:DiceImplementation_2|DiceControl:DiceControl_1|s_cur_state ;
+----------------------+----------------------+----------------------+------------------------------------+
; Name                 ; s_cur_state.waitRand ; s_cur_state.waitTick ; s_cur_state.waitIdle               ;
+----------------------+----------------------+----------------------+------------------------------------+
; s_cur_state.waitIdle ; 0                    ; 0                    ; 0                                  ;
; s_cur_state.waitTick ; 0                    ; 1                    ; 1                                  ;
; s_cur_state.waitRand ; 1                    ; 0                    ; 1                                  ;
+----------------------+----------------------+----------------------+------------------------------------+


Encoding Type:  One-Hot
+----------------------------------------------------------------------------------------------------------------------------------------------------------------------------------------------+
; State Machine - |toplevel|DiceImplementation:DiceImplementation_2|requestRandom:requestRandom_1|s_cur_state                                                                                  ;
+------------------+----------------+----------------+----------------+----------------+----------------+----------------+----------------+----------------+----------------+------------------+
; Name             ; s_cur_state.S9 ; s_cur_state.S8 ; s_cur_state.S7 ; s_cur_state.S6 ; s_cur_state.S5 ; s_cur_state.S4 ; s_cur_state.S3 ; s_cur_state.S2 ; s_cur_state.S1 ; s_cur_state.idle ;
+------------------+----------------+----------------+----------------+----------------+----------------+----------------+----------------+----------------+----------------+------------------+
; s_cur_state.idle ; 0              ; 0              ; 0              ; 0              ; 0              ; 0              ; 0              ; 0              ; 0              ; 0                ;
; s_cur_state.S1   ; 0              ; 0              ; 0              ; 0              ; 0              ; 0              ; 0              ; 0              ; 1              ; 1                ;
; s_cur_state.S2   ; 0              ; 0              ; 0              ; 0              ; 0              ; 0              ; 0              ; 1              ; 0              ; 1                ;
; s_cur_state.S3   ; 0              ; 0              ; 0              ; 0              ; 0              ; 0              ; 1              ; 0              ; 0              ; 1                ;
; s_cur_state.S4   ; 0              ; 0              ; 0              ; 0              ; 0              ; 1              ; 0              ; 0              ; 0              ; 1                ;
; s_cur_state.S5   ; 0              ; 0              ; 0              ; 0              ; 1              ; 0              ; 0              ; 0              ; 0              ; 1                ;
; s_cur_state.S6   ; 0              ; 0              ; 0              ; 1              ; 0              ; 0              ; 0              ; 0              ; 0              ; 1                ;
; s_cur_state.S7   ; 0              ; 0              ; 1              ; 0              ; 0              ; 0              ; 0              ; 0              ; 0              ; 1                ;
; s_cur_state.S8   ; 0              ; 1              ; 0              ; 0              ; 0              ; 0              ; 0              ; 0              ; 0              ; 1                ;
; s_cur_state.S9   ; 1              ; 0              ; 0              ; 0              ; 0              ; 0              ; 0              ; 0              ; 0              ; 1                ;
+------------------+----------------+----------------+----------------+----------------+----------------+----------------+----------------+----------------+----------------+------------------+


Encoding Type:  One-Hot
+---------------------------------------------------------------------------------------------------------+
; State Machine - |toplevel|DiceImplementation:DiceImplementation_1|DiceControl:DiceControl_1|s_cur_state ;
+----------------------+----------------------+----------------------+------------------------------------+
; Name                 ; s_cur_state.waitRand ; s_cur_state.waitTick ; s_cur_state.waitIdle               ;
+----------------------+----------------------+----------------------+------------------------------------+
; s_cur_state.waitIdle ; 0                    ; 0                    ; 0                                  ;
; s_cur_state.waitTick ; 0                    ; 1                    ; 1                                  ;
; s_cur_state.waitRand ; 1                    ; 0                    ; 1                                  ;
+----------------------+----------------------+----------------------+------------------------------------+


Encoding Type:  One-Hot
+----------------------------------------------------------------------------------------------------------------------------------------------------------------------------------------------+
; State Machine - |toplevel|DiceImplementation:DiceImplementation_1|requestRandom:requestRandom_1|s_cur_state                                                                                  ;
+------------------+----------------+----------------+----------------+----------------+----------------+----------------+----------------+----------------+----------------+------------------+
; Name             ; s_cur_state.S9 ; s_cur_state.S8 ; s_cur_state.S7 ; s_cur_state.S6 ; s_cur_state.S5 ; s_cur_state.S4 ; s_cur_state.S3 ; s_cur_state.S2 ; s_cur_state.S1 ; s_cur_state.idle ;
+------------------+----------------+----------------+----------------+----------------+----------------+----------------+----------------+----------------+----------------+------------------+
; s_cur_state.idle ; 0              ; 0              ; 0              ; 0              ; 0              ; 0              ; 0              ; 0              ; 0              ; 0                ;
; s_cur_state.S1   ; 0              ; 0              ; 0              ; 0              ; 0              ; 0              ; 0              ; 0              ; 1              ; 1                ;
; s_cur_state.S2   ; 0              ; 0              ; 0              ; 0              ; 0              ; 0              ; 0              ; 1              ; 0              ; 1                ;
; s_cur_state.S3   ; 0              ; 0              ; 0              ; 0              ; 0              ; 0              ; 1              ; 0              ; 0              ; 1                ;
; s_cur_state.S4   ; 0              ; 0              ; 0              ; 0              ; 0              ; 1              ; 0              ; 0              ; 0              ; 1                ;
; s_cur_state.S5   ; 0              ; 0              ; 0              ; 0              ; 1              ; 0              ; 0              ; 0              ; 0              ; 1                ;
; s_cur_state.S6   ; 0              ; 0              ; 0              ; 1              ; 0              ; 0              ; 0              ; 0              ; 0              ; 1                ;
; s_cur_state.S7   ; 0              ; 0              ; 1              ; 0              ; 0              ; 0              ; 0              ; 0              ; 0              ; 1                ;
; s_cur_state.S8   ; 0              ; 1              ; 0              ; 0              ; 0              ; 0              ; 0              ; 0              ; 0              ; 1                ;
; s_cur_state.S9   ; 1              ; 0              ; 0              ; 0              ; 0              ; 0              ; 0              ; 0              ; 0              ; 1                ;
+------------------+----------------+----------------+----------------+----------------+----------------+----------------+----------------+----------------+----------------+------------------+


+-------------------------------------------------------------------------------------------------------------+
; Registers Removed During Synthesis                                                                          ;
+----------------------------------------------------------------------------------------+--------------------+
; Register name                                                                          ; Reason for Removal ;
+----------------------------------------------------------------------------------------+--------------------+
; DiceImplementation:DiceImplementation_1|DiceControl:DiceControl_1|s_cur_state.waitIdle ; Lost fanout        ;
; DiceImplementation:DiceImplementation_4|DiceControl:DiceControl_1|s_cur_state.waitIdle ; Lost fanout        ;
; DiceImplementation:DiceImplementation_3|DiceControl:DiceControl_1|s_cur_state.waitIdle ; Lost fanout        ;
; DiceImplementation:DiceImplementation_2|DiceControl:DiceControl_1|s_cur_state.waitIdle ; Lost fanout        ;
; Total Number of Removed Registers = 4                                                  ;                    ;
+----------------------------------------------------------------------------------------+--------------------+


+------------------------------------------------------+
; General Register Statistics                          ;
+----------------------------------------------+-------+
; Statistic                                    ; Value ;
+----------------------------------------------+-------+
; Total registers                              ; 250   ;
; Number of registers using Synchronous Clear  ; 28    ;
; Number of registers using Synchronous Load   ; 17    ;
; Number of registers using Asynchronous Clear ; 129   ;
; Number of registers using Asynchronous Load  ; 0     ;
; Number of registers using Clock Enable       ; 77    ;
; Number of registers using Preset             ; 0     ;
+----------------------------------------------+-------+


+------------------------------------------------------------------------------------------+
; Inverted Register Statistics                                                             ;
+--------------------------------------------------------------------------------+---------+
; Inverted Register                                                              ; Fan out ;
+--------------------------------------------------------------------------------+---------+
; ButtonLogic:VHDL_1|s_DFF1_out                                                  ; 1       ;
; DiceImplementation:DiceImplementation_1|randomNumber:randomNumber_1|s_LFSR[0]  ; 2       ;
; DiceImplementation:DiceImplementation_2|randomNumber:randomNumber_1|s_LFSR[9]  ; 2       ;
; DiceImplementation:DiceImplementation_2|randomNumber:randomNumber_1|s_LFSR[15] ; 3       ;
; DiceImplementation:DiceImplementation_2|randomNumber:randomNumber_1|s_LFSR[2]  ; 2       ;
; DiceImplementation:DiceImplementation_2|randomNumber:randomNumber_1|s_LFSR[0]  ; 2       ;
; DiceImplementation:DiceImplementation_2|randomNumber:randomNumber_1|s_LFSR[5]  ; 2       ;
; DiceImplementation:DiceImplementation_3|randomNumber:randomNumber_1|s_LFSR[9]  ; 2       ;
; DiceImplementation:DiceImplementation_3|randomNumber:randomNumber_1|s_LFSR[15] ; 3       ;
; DiceImplementation:DiceImplementation_4|randomNumber:randomNumber_1|s_LFSR[15] ; 3       ;
; DiceImplementation:DiceImplementation_4|randomNumber:randomNumber_1|s_LFSR[5]  ; 2       ;
; ButtonLogic:VHDL_2|s_DFF1_out                                                  ; 1       ;
; ButtonLogic:VHDL_3|s_DFF1_out                                                  ; 1       ;
; ButtonLogic:VHDL_4|s_DFF1_out                                                  ; 1       ;
; ButtonLogic:VHDL_12|s_DFF1_out                                                 ; 1       ;
; DiceImplementation:DiceImplementation_1|randomNumber:randomNumber_1|s_LFSR[4]  ; 1       ;
; DiceImplementation:DiceImplementation_2|randomNumber:randomNumber_1|s_LFSR[8]  ; 1       ;
; DiceImplementation:DiceImplementation_2|randomNumber:randomNumber_1|s_LFSR[14] ; 1       ;
; DiceImplementation:DiceImplementation_2|randomNumber:randomNumber_1|s_LFSR[1]  ; 1       ;
; DiceImplementation:DiceImplementation_2|randomNumber:randomNumber_1|s_LFSR[13] ; 2       ;
; DiceImplementation:DiceImplementation_2|randomNumber:randomNumber_1|s_LFSR[12] ; 2       ;
; DiceImplementation:DiceImplementation_2|randomNumber:randomNumber_1|s_LFSR[10] ; 2       ;
; DiceImplementation:DiceImplementation_3|randomNumber:randomNumber_1|s_LFSR[14] ; 1       ;
; DiceImplementation:DiceImplementation_3|randomNumber:randomNumber_1|s_LFSR[13] ; 2       ;
; DiceImplementation:DiceImplementation_4|randomNumber:randomNumber_1|s_LFSR[8]  ; 1       ;
; DiceImplementation:DiceImplementation_4|randomNumber:randomNumber_1|s_LFSR[13] ; 2       ;
; DiceImplementation:DiceImplementation_4|randomNumber:randomNumber_1|s_LFSR[10] ; 2       ;
; DiceImplementation:DiceImplementation_4|randomNumber:randomNumber_1|s_LFSR[4]  ; 1       ;
; DiceImplementation:DiceImplementation_1|randomNumber:randomNumber_1|s_LFSR[3]  ; 1       ;
; DiceImplementation:DiceImplementation_2|randomNumber:randomNumber_1|s_LFSR[7]  ; 1       ;
; DiceImplementation:DiceImplementation_2|randomNumber:randomNumber_1|s_LFSR[11] ; 1       ;
; DiceImplementation:DiceImplementation_4|randomNumber:randomNumber_1|s_LFSR[7]  ; 1       ;
; DiceImplementation:DiceImplementation_4|randomNumber:randomNumber_1|s_LFSR[11] ; 1       ;
; DiceImplementation:DiceImplementation_4|randomNumber:randomNumber_1|s_LFSR[3]  ; 1       ;
; DiceImplementation:DiceImplementation_2|randomNumber:randomNumber_1|s_LFSR[6]  ; 1       ;
; DiceImplementation:DiceImplementation_3|randomNumber:randomNumber_1|s_LFSR[6]  ; 1       ;
; DiceImplementation:DiceImplementation_4|randomNumber:randomNumber_1|s_LFSR[6]  ; 1       ;
; Total number of inverted registers = 37                                        ;         ;
+--------------------------------------------------------------------------------+---------+


+----------------------------------------------------------------------------------------------------------------------------------------------------------------------------------------------------------------+
; Multiplexer Restructuring Statistics (Restructuring Performed)                                                                                                                                                 ;
+--------------------+-----------+---------------+----------------------+------------------------+------------+--------------------------------------------------------------------------------------------------+
; Multiplexer Inputs ; Bus Width ; Baseline Area ; Area if Restructured ; Saving if Restructured ; Registered ; Example Multiplexer Output                                                                       ;
+--------------------+-----------+---------------+----------------------+------------------------+------------+--------------------------------------------------------------------------------------------------+
; 3:1                ; 3 bits    ; 6 LEs         ; 3 LEs                ; 3 LEs                  ; Yes        ; |toplevel|DiceImplementation:DiceImplementation_4|ShiftToParallel:ShiftToParallel_1|s_DFF1       ;
; 3:1                ; 3 bits    ; 6 LEs         ; 3 LEs                ; 3 LEs                  ; Yes        ; |toplevel|DiceImplementation:DiceImplementation_3|ShiftToParallel:ShiftToParallel_1|s_DFF3       ;
; 3:1                ; 3 bits    ; 6 LEs         ; 3 LEs                ; 3 LEs                  ; Yes        ; |toplevel|DiceImplementation:DiceImplementation_2|ShiftToParallel:ShiftToParallel_1|s_DFF1       ;
; 3:1                ; 3 bits    ; 6 LEs         ; 3 LEs                ; 3 LEs                  ; Yes        ; |toplevel|DiceImplementation:DiceImplementation_1|ShiftToParallel:ShiftToParallel_1|s_DFF3       ;
; 4:1                ; 3 bits    ; 6 LEs         ; 3 LEs                ; 3 LEs                  ; Yes        ; |toplevel|DiceImplementation:DiceImplementation_4|DiceControl:DiceControl_1|s_next_Dice_Value[2] ;
; 4:1                ; 3 bits    ; 6 LEs         ; 3 LEs                ; 3 LEs                  ; Yes        ; |toplevel|DiceImplementation:DiceImplementation_3|DiceControl:DiceControl_1|s_next_Dice_Value[1] ;
; 4:1                ; 3 bits    ; 6 LEs         ; 3 LEs                ; 3 LEs                  ; Yes        ; |toplevel|DiceImplementation:DiceImplementation_2|DiceControl:DiceControl_1|s_next_Dice_Value[2] ;
; 4:1                ; 3 bits    ; 6 LEs         ; 3 LEs                ; 3 LEs                  ; Yes        ; |toplevel|DiceImplementation:DiceImplementation_1|DiceControl:DiceControl_1|s_next_Dice_Value[2] ;
; 3:1                ; 3 bits    ; 6 LEs         ; 6 LEs                ; 0 LEs                  ; No         ; |toplevel|Sort:VHDL_5|DiceOut1[0]                                                                ;
; 3:1                ; 2 bits    ; 4 LEs         ; 4 LEs                ; 0 LEs                  ; No         ; |toplevel|Sort:VHDL_5|DiceOut4[1]                                                                ;
; 3:1                ; 5 bits    ; 10 LEs        ; 10 LEs               ; 0 LEs                  ; No         ; |toplevel|Sort:VHDL_5|DiceOut3[1]                                                                ;
+--------------------+-----------+---------------+----------------------+------------------------+------------+--------------------------------------------------------------------------------------------------+


+---------------------------------------------------------------------+
; Parameter Settings for User Entity Instance: genericcounter:VHDL_10 ;
+----------------+-------+--------------------------------------------+
; Parameter Name ; Value ; Type                                       ;
+----------------+-------+--------------------------------------------+
; reloadvalue    ; 93750 ; Signed Integer                             ;
; nrofbits       ; 17    ; Signed Integer                             ;
+----------------+-------+--------------------------------------------+
Note: In order to hide this table in the UI and the text report file, please set the "Show Parameter Settings in Synthesis Report" option in "Analysis and Synthesis Settings -> More Settings" to "Off".


+--------------------------------------------------------------------------------------+
; Parameter Settings for User Entity Instance: DiceImplementation:DiceImplementation_1 ;
+----------------+-------+-------------------------------------------------------------+
; Parameter Name ; Value ; Type                                                        ;
+----------------+-------+-------------------------------------------------------------+
; initialseed    ; 25    ; Signed Integer                                              ;
+----------------+-------+-------------------------------------------------------------+
Note: In order to hide this table in the UI and the text report file, please set the "Show Parameter Settings in Synthesis Report" option in "Analysis and Synthesis Settings -> More Settings" to "Off".


+------------------------------------------------------------------------------------------------------------------+
; Parameter Settings for User Entity Instance: DiceImplementation:DiceImplementation_1|randomNumber:randomNumber_1 ;
+----------------+-------+-----------------------------------------------------------------------------------------+
; Parameter Name ; Value ; Type                                                                                    ;
+----------------+-------+-----------------------------------------------------------------------------------------+
; initialseed    ; 25    ; Signed Integer                                                                          ;
+----------------+-------+-----------------------------------------------------------------------------------------+
Note: In order to hide this table in the UI and the text report file, please set the "Show Parameter Settings in Synthesis Report" option in "Analysis and Synthesis Settings -> More Settings" to "Off".


+--------------------------------------------------------------------------------------+
; Parameter Settings for User Entity Instance: DiceImplementation:DiceImplementation_2 ;
+----------------+-------+-------------------------------------------------------------+
; Parameter Name ; Value ; Type                                                        ;
+----------------+-------+-------------------------------------------------------------+
; initialseed    ; -25   ; Signed Integer                                              ;
+----------------+-------+-------------------------------------------------------------+
Note: In order to hide this table in the UI and the text report file, please set the "Show Parameter Settings in Synthesis Report" option in "Analysis and Synthesis Settings -> More Settings" to "Off".


+------------------------------------------------------------------------------------------------------------------+
; Parameter Settings for User Entity Instance: DiceImplementation:DiceImplementation_2|randomNumber:randomNumber_1 ;
+----------------+-------+-----------------------------------------------------------------------------------------+
; Parameter Name ; Value ; Type                                                                                    ;
+----------------+-------+-----------------------------------------------------------------------------------------+
; initialseed    ; -25   ; Signed Integer                                                                          ;
+----------------+-------+-----------------------------------------------------------------------------------------+
Note: In order to hide this table in the UI and the text report file, please set the "Show Parameter Settings in Synthesis Report" option in "Analysis and Synthesis Settings -> More Settings" to "Off".


+--------------------------------------------------------------------------------------+
; Parameter Settings for User Entity Instance: DiceImplementation:DiceImplementation_3 ;
+----------------+--------+------------------------------------------------------------+
; Parameter Name ; Value  ; Type                                                       ;
+----------------+--------+------------------------------------------------------------+
; initialseed    ; 123456 ; Signed Integer                                             ;
+----------------+--------+------------------------------------------------------------+
Note: In order to hide this table in the UI and the text report file, please set the "Show Parameter Settings in Synthesis Report" option in "Analysis and Synthesis Settings -> More Settings" to "Off".


+------------------------------------------------------------------------------------------------------------------+
; Parameter Settings for User Entity Instance: DiceImplementation:DiceImplementation_3|randomNumber:randomNumber_1 ;
+----------------+--------+----------------------------------------------------------------------------------------+
; Parameter Name ; Value  ; Type                                                                                   ;
+----------------+--------+----------------------------------------------------------------------------------------+
; initialseed    ; 123456 ; Signed Integer                                                                         ;
+----------------+--------+----------------------------------------------------------------------------------------+
Note: In order to hide this table in the UI and the text report file, please set the "Show Parameter Settings in Synthesis Report" option in "Analysis and Synthesis Settings -> More Settings" to "Off".


+--------------------------------------------------------------------------------------+
; Parameter Settings for User Entity Instance: DiceImplementation:DiceImplementation_4 ;
+----------------+--------+------------------------------------------------------------+
; Parameter Name ; Value  ; Type                                                       ;
+----------------+--------+------------------------------------------------------------+
; initialseed    ; 765432 ; Signed Integer                                             ;
+----------------+--------+------------------------------------------------------------+
Note: In order to hide this table in the UI and the text report file, please set the "Show Parameter Settings in Synthesis Report" option in "Analysis and Synthesis Settings -> More Settings" to "Off".


+------------------------------------------------------------------------------------------------------------------+
; Parameter Settings for User Entity Instance: DiceImplementation:DiceImplementation_4|randomNumber:randomNumber_1 ;
+----------------+--------+----------------------------------------------------------------------------------------+
; Parameter Name ; Value  ; Type                                                                                   ;
+----------------+--------+----------------------------------------------------------------------------------------+
; initialseed    ; 765432 ; Signed Integer                                                                         ;
+----------------+--------+----------------------------------------------------------------------------------------+
Note: In order to hide this table in the UI and the text report file, please set the "Show Parameter Settings in Synthesis Report" option in "Analysis and Synthesis Settings -> More Settings" to "Off".


+-----------------------------------------------------+
; Post-Synthesis Netlist Statistics for Top Partition ;
+-----------------------+-----------------------------+
; Type                  ; Count                       ;
+-----------------------+-----------------------------+
; boundary_port         ; 45                          ;
; cycloneiii_ff         ; 250                         ;
;     CLR               ; 92                          ;
;     ENA               ; 40                          ;
;     ENA CLR           ; 37                          ;
;     SCLR              ; 28                          ;
;     SLD               ; 17                          ;
;     plain             ; 36                          ;
; cycloneiii_lcell_comb ; 291                         ;
;     arith             ; 16                          ;
;         2 data inputs ; 16                          ;
;     normal            ; 275                         ;
;         0 data inputs ; 1                           ;
;         1 data inputs ; 34                          ;
;         2 data inputs ; 53                          ;
;         3 data inputs ; 75                          ;
;         4 data inputs ; 112                         ;
;                       ;                             ;
; Max LUT depth         ; 12.00                       ;
; Average LUT depth     ; 3.45                        ;
+-----------------------+-----------------------------+


+-------------------------------+
; Elapsed Time Per Partition    ;
+----------------+--------------+
; Partition Name ; Elapsed Time ;
+----------------+--------------+
; Top            ; 00:00:01     ;
+----------------+--------------+


+-------------------------------+
; Analysis & Synthesis Messages ;
+-------------------------------+
Info: *******************************************************************
Info: Running Quartus Prime Analysis & Synthesis
    Info: Version 18.1.0 Build 625 09/12/2018 SJ Lite Edition
    Info: Processing started: Fri Jun 04 17:39:27 2021
Info: Command: quartus_map --read_settings_files=on --write_settings_files=off EV2 -c toplevel
Warning (18236): Number of processors has not been specified which may cause overloading on shared machines.  Set the global assignment NUM_PARALLEL_PROCESSORS in your QSF to an appropriate value for best performance.
Info (20030): Parallel compilation is enabled and will use 4 of the 4 processors detected
Info (12021): Found 1 design units, including 1 entities, in source file /users/aniru/downloads/template/ramesh/vhdl/toplevel_entity.vhdl
    Info (12023): Found entity 1: toplevel File: C:/Users/aniru/Downloads/template/ramesh/vhdl/toplevel_entity.vhdl Line: 15
Info (12021): Found 1 design units, including 0 entities, in source file /users/aniru/downloads/template/ramesh/vhdl/toplevel_behavior.vhdl
    Info (12022): Found design unit 1: toplevel-PlatformIndependent File: C:/Users/aniru/Downloads/template/ramesh/vhdl/toplevel_behavior.vhdl Line: 10
Info (12021): Found 1 design units, including 1 entities, in source file /users/aniru/downloads/template/ramesh/vhdl/sort_entity.vhdl
    Info (12023): Found entity 1: Sort File: C:/Users/aniru/Downloads/template/ramesh/vhdl/Sort_entity.vhdl Line: 5
Info (12021): Found 1 design units, including 0 entities, in source file /users/aniru/downloads/template/ramesh/vhdl/sort_behavior.vhdl
    Info (12022): Found design unit 1: Sort-behavior File: C:/Users/aniru/Downloads/template/ramesh/vhdl/Sort_behavior.vhdl Line: 1
Info (12021): Found 1 design units, including 1 entities, in source file /users/aniru/downloads/template/ramesh/vhdl/shifttoparallel_entity.vhdl
    Info (12023): Found entity 1: ShiftToParallel File: C:/Users/aniru/Downloads/template/ramesh/vhdl/ShiftToParallel_entity.vhdl Line: 5
Info (12021): Found 1 design units, including 0 entities, in source file /users/aniru/downloads/template/ramesh/vhdl/shifttoparallel_behavior.vhdl
    Info (12022): Found design unit 1: ShiftToParallel-behavior File: C:/Users/aniru/Downloads/template/ramesh/vhdl/ShiftToParallel_behavior.vhdl Line: 1
Info (12021): Found 1 design units, including 1 entities, in source file /users/aniru/downloads/template/ramesh/vhdl/requestrandom_entity.vhdl
    Info (12023): Found entity 1: requestRandom File: C:/Users/aniru/Downloads/template/ramesh/vhdl/requestRandom_entity.vhdl Line: 5
Info (12021): Found 1 design units, including 0 entities, in source file /users/aniru/downloads/template/ramesh/vhdl/requestrandom_behavior.vhdl
    Info (12022): Found design unit 1: requestRandom-behavior File: C:/Users/aniru/Downloads/template/ramesh/vhdl/requestRandom_behavior.vhdl Line: 1
Info (12021): Found 1 design units, including 1 entities, in source file /users/aniru/downloads/template/ramesh/vhdl/randomnumber_entity.vhdl
    Info (12023): Found entity 1: randomNumber File: C:/Users/aniru/Downloads/template/ramesh/vhdl/randomNumber_entity.vhdl Line: 5
Info (12021): Found 1 design units, including 0 entities, in source file /users/aniru/downloads/template/ramesh/vhdl/randomnumber_behavior.vhdl
    Info (12022): Found design unit 1: randomNumber-emulator File: C:/Users/aniru/Downloads/template/ramesh/vhdl/randomNumber_behavior.vhdl Line: 1
Info (12021): Found 1 design units, including 1 entities, in source file /users/aniru/downloads/template/ramesh/vhdl/genericcounter_entity.vhdl
    Info (12023): Found entity 1: genericcounter File: C:/Users/aniru/Downloads/template/ramesh/vhdl/genericcounter_entity.vhdl Line: 5
Info (12021): Found 1 design units, including 0 entities, in source file /users/aniru/downloads/template/ramesh/vhdl/genericcounter_behavior.vhdl
    Info (12022): Found design unit 1: GenericCounter-functional File: C:/Users/aniru/Downloads/template/ramesh/vhdl/genericcounter_behavior.vhdl Line: 1
Info (12021): Found 1 design units, including 1 entities, in source file /users/aniru/downloads/template/ramesh/vhdl/gamecontrol_entity.vhdl
    Info (12023): Found entity 1: gamecontrol File: C:/Users/aniru/Downloads/template/ramesh/vhdl/gamecontrol_entity.vhdl Line: 5
Info (12021): Found 1 design units, including 0 entities, in source file /users/aniru/downloads/template/ramesh/vhdl/gamecontrol_behavior.vhdl
    Info (12022): Found design unit 1: GameControl-theo File: C:/Users/aniru/Downloads/template/ramesh/vhdl/gamecontrol_behavior.vhdl Line: 1
Info (12021): Found 1 design units, including 1 entities, in source file /users/aniru/downloads/template/ramesh/vhdl/diceimplementation_entity.vhdl
    Info (12023): Found entity 1: DiceImplementation File: C:/Users/aniru/Downloads/template/ramesh/vhdl/DiceImplementation_entity.vhdl Line: 5
Info (12021): Found 1 design units, including 0 entities, in source file /users/aniru/downloads/template/ramesh/vhdl/diceimplementation_behavior.vhdl
    Info (12022): Found design unit 1: DiceImplementation-behavior File: C:/Users/aniru/Downloads/template/ramesh/vhdl/DiceImplementation_behavior.vhdl Line: 1
Info (12021): Found 1 design units, including 1 entities, in source file /users/aniru/downloads/template/ramesh/vhdl/dicecontrol_entity.vhdl
    Info (12023): Found entity 1: DiceControl File: C:/Users/aniru/Downloads/template/ramesh/vhdl/DiceControl_entity.vhdl Line: 5
Info (12021): Found 1 design units, including 0 entities, in source file /users/aniru/downloads/template/ramesh/vhdl/dicecontrol_behavior.vhdl
    Info (12022): Found design unit 1: DiceControl-behavior File: C:/Users/aniru/Downloads/template/ramesh/vhdl/DiceControl_behavior.vhdl Line: 1
Info (12021): Found 1 design units, including 1 entities, in source file /users/aniru/downloads/template/ramesh/vhdl/decoder_entity.vhdl
    Info (12023): Found entity 1: Decoder File: C:/Users/aniru/Downloads/template/ramesh/vhdl/Decoder_entity.vhdl Line: 5
Info (12021): Found 1 design units, including 0 entities, in source file /users/aniru/downloads/template/ramesh/vhdl/decoder_behavior.vhdl
    Info (12022): Found design unit 1: Decoder-behavior File: C:/Users/aniru/Downloads/template/ramesh/vhdl/Decoder_behavior.vhdl Line: 1
Info (12021): Found 1 design units, including 1 entities, in source file /users/aniru/downloads/template/ramesh/vhdl/buttonlogic_entity.vhdl
    Info (12023): Found entity 1: ButtonLogic File: C:/Users/aniru/Downloads/template/ramesh/vhdl/ButtonLogic_entity.vhdl Line: 5
Info (12021): Found 1 design units, including 0 entities, in source file /users/aniru/downloads/template/ramesh/vhdl/buttonlogic_behavior.vhdl
    Info (12022): Found design unit 1: ButtonLogic-behavior File: C:/Users/aniru/Downloads/template/ramesh/vhdl/ButtonLogic_behavior.vhdl Line: 1
Info (12127): Elaborating entity "toplevel" for the top level hierarchy
Info (12128): Elaborating entity "ButtonLogic" for hierarchy "ButtonLogic:VHDL_1" File: C:/Users/aniru/Downloads/template/ramesh/vhdl/toplevel_behavior.vhdl Line: 209
Info (12128): Elaborating entity "Sort" for hierarchy "Sort:VHDL_5" File: C:/Users/aniru/Downloads/template/ramesh/vhdl/toplevel_behavior.vhdl Line: 241
Info (12128): Elaborating entity "Decoder" for hierarchy "Decoder:VHDL_6" File: C:/Users/aniru/Downloads/template/ramesh/vhdl/toplevel_behavior.vhdl Line: 252
Info (12128): Elaborating entity "genericcounter" for hierarchy "genericcounter:VHDL_10" File: C:/Users/aniru/Downloads/template/ramesh/vhdl/toplevel_behavior.vhdl Line: 268
Info (12128): Elaborating entity "gamecontrol" for hierarchy "gamecontrol:VHDL_11" File: C:/Users/aniru/Downloads/template/ramesh/vhdl/toplevel_behavior.vhdl Line: 275
Info (12128): Elaborating entity "DiceImplementation" for hierarchy "DiceImplementation:DiceImplementation_1" File: C:/Users/aniru/Downloads/template/ramesh/vhdl/toplevel_behavior.vhdl Line: 305
Info (12128): Elaborating entity "requestRandom" for hierarchy "DiceImplementation:DiceImplementation_1|requestRandom:requestRandom_1" File: C:/Users/aniru/Downloads/template/ramesh/vhdl/DiceImplementation_behavior.vhdl Line: 33
Info (12128): Elaborating entity "ShiftToParallel" for hierarchy "DiceImplementation:DiceImplementation_1|ShiftToParallel:ShiftToParallel_1" File: C:/Users/aniru/Downloads/template/ramesh/vhdl/DiceImplementation_behavior.vhdl Line: 45
Info (12128): Elaborating entity "DiceControl" for hierarchy "DiceImplementation:DiceImplementation_1|DiceControl:DiceControl_1" File: C:/Users/aniru/Downloads/template/ramesh/vhdl/DiceImplementation_behavior.vhdl Line: 54
Info (12128): Elaborating entity "randomNumber" for hierarchy "DiceImplementation:DiceImplementation_1|randomNumber:randomNumber_1" File: C:/Users/aniru/Downloads/template/ramesh/vhdl/DiceImplementation_behavior.vhdl Line: 67
Info (12128): Elaborating entity "DiceImplementation" for hierarchy "DiceImplementation:DiceImplementation_2" File: C:/Users/aniru/Downloads/template/ramesh/vhdl/toplevel_behavior.vhdl Line: 314
Info (12128): Elaborating entity "randomNumber" for hierarchy "DiceImplementation:DiceImplementation_2|randomNumber:randomNumber_1" File: C:/Users/aniru/Downloads/template/ramesh/vhdl/DiceImplementation_behavior.vhdl Line: 67
Info (12128): Elaborating entity "DiceImplementation" for hierarchy "DiceImplementation:DiceImplementation_3" File: C:/Users/aniru/Downloads/template/ramesh/vhdl/toplevel_behavior.vhdl Line: 323
Info (12128): Elaborating entity "randomNumber" for hierarchy "DiceImplementation:DiceImplementation_3|randomNumber:randomNumber_1" File: C:/Users/aniru/Downloads/template/ramesh/vhdl/DiceImplementation_behavior.vhdl Line: 67
Info (12128): Elaborating entity "DiceImplementation" for hierarchy "DiceImplementation:DiceImplementation_4" File: C:/Users/aniru/Downloads/template/ramesh/vhdl/toplevel_behavior.vhdl Line: 332
Info (12128): Elaborating entity "randomNumber" for hierarchy "DiceImplementation:DiceImplementation_4|randomNumber:randomNumber_1" File: C:/Users/aniru/Downloads/template/ramesh/vhdl/DiceImplementation_behavior.vhdl Line: 67
Info (13000): Registers with preset signals will power-up high File: C:/Users/aniru/Downloads/template/ramesh/vhdl/ButtonLogic_behavior.vhdl Line: 3
Info (13003): DEV_CLRn pin will set, and not reset, register with preset signal due to NOT Gate Push-Back
Info (286030): Timing-Driven Synthesis is running
Info (17049): 4 registers lost all their fanouts during netlist optimizations.
Info (16010): Generating hard_block partition "hard_block:auto_generated_inst"
    Info (16011): Adding 0 node(s), including 0 DDIO, 0 PLL, 0 transceiver and 0 LCELL
Info (21057): Implemented 436 device resources after synthesis - the final resource count might be different
    Info (21058): Implemented 7 input pins
    Info (21059): Implemented 38 output pins
    Info (21061): Implemented 391 logic cells
Info: Quartus Prime Analysis & Synthesis was successful. 0 errors, 1 warning
    Info: Peak virtual memory: 4804 megabytes
    Info: Processing ended: Fri Jun 04 17:39:45 2021
    Info: Elapsed time: 00:00:18
    Info: Total CPU time (on all processors): 00:00:40


